{"/Users/vctqs1/Documents/Code/nav-progress-bar/packages/nav-progress-bar/src/lib/nav-progress-bar.ts": {"path":"/Users/vctqs1/Documents/Code/nav-progress-bar/packages/nav-progress-bar/src/lib/nav-progress-bar.ts","statementMap":{"0":{"start":{"line":15,"column":15},"end":{"line":15,"column":null}},"1":{"start":{"line":16,"column":2},"end":{"line":16,"column":null}},"2":{"start":{"line":16,"column":39},"end":{"line":16,"column":null}},"3":{"start":{"line":17,"column":2},"end":{"line":22,"column":null}},"4":{"start":{"line":21,"column":4},"end":{"line":21,"column":null}},"5":{"start":{"line":23,"column":2},"end":{"line":23,"column":null}},"6":{"start":{"line":57,"column":52},"end":{"line":57,"column":null}},"7":{"start":{"line":58,"column":46},"end":{"line":58,"column":null}},"8":{"start":{"line":59,"column":54},"end":{"line":59,"column":null}},"9":{"start":{"line":60,"column":67},"end":{"line":60,"column":null}},"10":{"start":{"line":61,"column":43},"end":{"line":61,"column":null}},"11":{"start":{"line":81,"column":10},"end":{"line":81,"column":null}},"12":{"start":{"line":82,"column":10},"end":{"line":82,"column":null}},"13":{"start":{"line":65,"column":4},"end":{"line":65,"column":null}},"14":{"start":{"line":77,"column":4},"end":{"line":77,"column":null}},"15":{"start":{"line":78,"column":4},"end":{"line":78,"column":null}},"16":{"start":{"line":81,"column":37},"end":{"line":81,"column":null}},"17":{"start":{"line":82,"column":30},"end":{"line":82,"column":null}},"18":{"start":{"line":85,"column":4},"end":{"line":85,"column":null}},"19":{"start":{"line":90,"column":26},"end":{"line":90,"column":null}},"20":{"start":{"line":91,"column":4},"end":{"line":94,"column":null}},"21":{"start":{"line":92,"column":6},"end":{"line":92,"column":null}},"22":{"start":{"line":93,"column":6},"end":{"line":93,"column":null}},"23":{"start":{"line":98,"column":26},"end":{"line":98,"column":null}},"24":{"start":{"line":99,"column":4},"end":{"line":105,"column":null}},"25":{"start":{"line":100,"column":6},"end":{"line":100,"column":null}},"26":{"start":{"line":101,"column":6},"end":{"line":104,"column":null}},"27":{"start":{"line":106,"column":4},"end":{"line":106,"column":null}},"28":{"start":{"line":112,"column":4},"end":{"line":112,"column":null}},"29":{"start":{"line":112,"column":21},"end":{"line":112,"column":null}},"30":{"start":{"line":120,"column":18},"end":{"line":120,"column":null}},"31":{"start":{"line":121,"column":4},"end":{"line":121,"column":null}},"32":{"start":{"line":121,"column":16},"end":{"line":121,"column":null}},"33":{"start":{"line":122,"column":4},"end":{"line":122,"column":null}},"34":{"start":{"line":126,"column":20},"end":{"line":130,"column":null}},"35":{"start":{"line":132,"column":18},"end":{"line":132,"column":null}},"36":{"start":{"line":133,"column":4},"end":{"line":141,"column":null}},"37":{"start":{"line":142,"column":4},"end":{"line":142,"column":null}},"38":{"start":{"line":143,"column":4},"end":{"line":148,"column":null}},"39":{"start":{"line":149,"column":4},"end":{"line":149,"column":null}},"40":{"start":{"line":153,"column":4},"end":{"line":153,"column":null}},"41":{"start":{"line":153,"column":72},"end":{"line":153,"column":null}},"42":{"start":{"line":154,"column":4},"end":{"line":154,"column":null}},"43":{"start":{"line":155,"column":4},"end":{"line":159,"column":null}},"44":{"start":{"line":165,"column":19},"end":{"line":165,"column":null}},"45":{"start":{"line":168,"column":24},"end":{"line":168,"column":null}},"46":{"start":{"line":169,"column":4},"end":{"line":178,"column":null}},"47":{"start":{"line":179,"column":4},"end":{"line":179,"column":null}},"48":{"start":{"line":182,"column":26},"end":{"line":182,"column":null}},"49":{"start":{"line":183,"column":4},"end":{"line":183,"column":null}},"50":{"start":{"line":184,"column":4},"end":{"line":184,"column":null}},"51":{"start":{"line":187,"column":4},"end":{"line":187,"column":null}},"52":{"start":{"line":188,"column":4},"end":{"line":192,"column":null}},"53":{"start":{"line":195,"column":4},"end":{"line":199,"column":null}},"54":{"start":{"line":196,"column":18},"end":{"line":196,"column":null}},"55":{"start":{"line":197,"column":6},"end":{"line":197,"column":null}},"56":{"start":{"line":198,"column":6},"end":{"line":198,"column":null}},"57":{"start":{"line":203,"column":4},"end":{"line":203,"column":null}},"58":{"start":{"line":203,"column":30},"end":{"line":203,"column":null}},"59":{"start":{"line":205,"column":4},"end":{"line":205,"column":null}},"60":{"start":{"line":221,"column":4},"end":{"line":221,"column":null}},"61":{"start":{"line":222,"column":4},"end":{"line":222,"column":null}},"62":{"start":{"line":223,"column":4},"end":{"line":223,"column":null}},"63":{"start":{"line":225,"column":12},"end":{"line":225,"column":null}},"64":{"start":{"line":226,"column":4},"end":{"line":229,"column":null}},"65":{"start":{"line":227,"column":6},"end":{"line":227,"column":null}},"66":{"start":{"line":228,"column":6},"end":{"line":228,"column":null}},"67":{"start":{"line":231,"column":4},"end":{"line":231,"column":null}},"68":{"start":{"line":243,"column":4},"end":{"line":243,"column":null}},"69":{"start":{"line":245,"column":16},"end":{"line":245,"column":null}},"70":{"start":{"line":246,"column":4},"end":{"line":246,"column":null}},"71":{"start":{"line":246,"column":14},"end":{"line":246,"column":null}},"72":{"start":{"line":248,"column":4},"end":{"line":248,"column":null}},"73":{"start":{"line":249,"column":4},"end":{"line":249,"column":null}},"74":{"start":{"line":250,"column":4},"end":{"line":250,"column":null}},"75":{"start":{"line":252,"column":4},"end":{"line":256,"column":null}},"76":{"start":{"line":253,"column":6},"end":{"line":253,"column":null}},"77":{"start":{"line":254,"column":6},"end":{"line":254,"column":null}},"78":{"start":{"line":255,"column":6},"end":{"line":255,"column":null}},"79":{"start":{"line":258,"column":4},"end":{"line":258,"column":null}},"80":{"start":{"line":262,"column":16},"end":{"line":262,"column":null}},"81":{"start":{"line":263,"column":4},"end":{"line":263,"column":null}},"82":{"start":{"line":263,"column":14},"end":{"line":263,"column":null}},"83":{"start":{"line":264,"column":4},"end":{"line":264,"column":null}},"84":{"start":{"line":266,"column":4},"end":{"line":273,"column":null}},"85":{"start":{"line":272,"column":6},"end":{"line":272,"column":null}},"86":{"start":{"line":275,"column":4},"end":{"line":279,"column":null}},"87":{"start":{"line":276,"column":23},"end":{"line":276,"column":null}},"88":{"start":{"line":277,"column":6},"end":{"line":277,"column":null}},"89":{"start":{"line":278,"column":6},"end":{"line":278,"column":null}},"90":{"start":{"line":283,"column":4},"end":{"line":286,"column":null}},"91":{"start":{"line":284,"column":6},"end":{"line":284,"column":null}},"92":{"start":{"line":285,"column":6},"end":{"line":285,"column":null}},"93":{"start":{"line":291,"column":24},"end":{"line":291,"column":null}},"94":{"start":{"line":305,"column":2},"end":{"line":305,"column":null}},"95":{"start":{"line":305,"column":45},"end":{"line":305,"column":null}},"96":{"start":{"line":308,"column":2},"end":{"line":308,"column":null}},"97":{"start":{"line":308,"column":27},"end":{"line":308,"column":null}},"98":{"start":{"line":310,"column":2},"end":{"line":319,"column":null}},"99":{"start":{"line":315,"column":8},"end":{"line":315,"column":null}},"100":{"start":{"line":318,"column":4},"end":{"line":318,"column":null}},"101":{"start":{"line":335,"column":2},"end":{"line":335,"column":null}}},"fnMap":{"0":{"name":"getNavigationApi","decl":{"start":{"line":14,"column":9},"end":{"line":14,"column":63}},"loc":{"start":{"line":14,"column":63},"end":{"line":24,"column":null}},"line":14},"1":{"name":"(anonymous_1)","decl":{"start":{"line":64,"column":13},"end":{"line":64,"column":34}},"loc":{"start":{"line":64,"column":34},"end":{"line":66,"column":null}},"line":64},"2":{"name":"(anonymous_2)","decl":{"start":{"line":76,"column":2},"end":{"line":76,"column":14}},"loc":{"start":{"line":76,"column":51},"end":{"line":79,"column":null}},"line":76},"3":{"name":"(anonymous_3)","decl":{"start":{"line":81,"column":10},"end":{"line":81,"column":37}},"loc":{"start":{"line":81,"column":37},"end":{"line":81,"column":null}},"line":81},"4":{"name":"(anonymous_4)","decl":{"start":{"line":82,"column":10},"end":{"line":82,"column":30}},"loc":{"start":{"line":82,"column":30},"end":{"line":82,"column":null}},"line":82},"5":{"name":"(anonymous_5)","decl":{"start":{"line":84,"column":2},"end":{"line":84,"column":22}},"loc":{"start":{"line":84,"column":22},"end":{"line":95,"column":null}},"line":84},"6":{"name":"(anonymous_6)","decl":{"start":{"line":97,"column":2},"end":{"line":97,"column":25}},"loc":{"start":{"line":97,"column":25},"end":{"line":107,"column":null}},"line":97},"7":{"name":"(anonymous_7)","decl":{"start":{"line":109,"column":2},"end":{"line":109,"column":29}},"loc":{"start":{"line":109,"column":29},"end":{"line":113,"column":null}},"line":109},"8":{"name":"(anonymous_8)","decl":{"start":{"line":115,"column":2},"end":{"line":115,"column":10}},"loc":{"start":{"line":119,"column":12},"end":{"line":123,"column":null}},"line":119},"9":{"name":"(anonymous_9)","decl":{"start":{"line":125,"column":2},"end":{"line":125,"column":10}},"loc":{"start":{"line":125,"column":44},"end":{"line":150,"column":null}},"line":125},"10":{"name":"(anonymous_10)","decl":{"start":{"line":152,"column":2},"end":{"line":152,"column":10}},"loc":{"start":{"line":152,"column":29},"end":{"line":160,"column":null}},"line":152},"11":{"name":"(anonymous_11)","decl":{"start":{"line":162,"column":2},"end":{"line":162,"column":10}},"loc":{"start":{"line":162,"column":20},"end":{"line":200,"column":null}},"line":162},"12":{"name":"(anonymous_12)","decl":{"start":{"line":202,"column":2},"end":{"line":202,"column":10}},"loc":{"start":{"line":202,"column":33},"end":{"line":206,"column":null}},"line":202},"13":{"name":"(anonymous_13)","decl":{"start":{"line":218,"column":2},"end":{"line":218,"column":16}},"loc":{"start":{"line":218,"column":16},"end":{"line":232,"column":null}},"line":218},"14":{"name":"(anonymous_14)","decl":{"start":{"line":226,"column":22},"end":{"line":226,"column":40}},"loc":{"start":{"line":226,"column":40},"end":{"line":229,"column":7}},"line":226},"15":{"name":"(anonymous_15)","decl":{"start":{"line":242,"column":2},"end":{"line":242,"column":17}},"loc":{"start":{"line":242,"column":17},"end":{"line":259,"column":null}},"line":242},"16":{"name":"(anonymous_16)","decl":{"start":{"line":252,"column":4},"end":{"line":252,"column":21}},"loc":{"start":{"line":252,"column":21},"end":{"line":256,"column":7}},"line":252},"17":{"name":"(anonymous_17)","decl":{"start":{"line":261,"column":2},"end":{"line":261,"column":10}},"loc":{"start":{"line":261,"column":40},"end":{"line":280,"column":null}},"line":261},"18":{"name":"(anonymous_18)","decl":{"start":{"line":282,"column":2},"end":{"line":282,"column":10}},"loc":{"start":{"line":282,"column":24},"end":{"line":287,"column":null}},"line":282},"19":{"name":"registerNavProgressBar","decl":{"start":{"line":304,"column":16},"end":{"line":304,"column":39}},"loc":{"start":{"line":304,"column":72},"end":{"line":320,"column":null}},"line":304},"20":{"name":"(anonymous_20)","decl":{"start":{"line":314,"column":6},"end":{"line":314,"column":20}},"loc":{"start":{"line":314,"column":20},"end":{"line":316,"column":null}},"line":314},"21":{"name":"getNavProgressBar","decl":{"start":{"line":334,"column":16},"end":{"line":334,"column":59}},"loc":{"start":{"line":334,"column":59},"end":{"line":336,"column":null}},"line":334}},"branchMap":{"0":{"loc":{"start":{"line":16,"column":2},"end":{"line":16,"column":null}},"type":"if","locations":[{"start":{"line":16,"column":2},"end":{"line":16,"column":null}},{"start":{},"end":{}}],"line":16},"1":{"loc":{"start":{"line":16,"column":6},"end":{"line":16,"column":39}},"type":"binary-expr","locations":[{"start":{"line":16,"column":6},"end":{"line":16,"column":14}},{"start":{"line":16,"column":14},"end":{"line":16,"column":39}}],"line":16},"2":{"loc":{"start":{"line":17,"column":2},"end":{"line":22,"column":null}},"type":"if","locations":[{"start":{"line":17,"column":2},"end":{"line":22,"column":null}},{"start":{},"end":{}}],"line":17},"3":{"loc":{"start":{"line":18,"column":4},"end":{"line":19,"column":null}},"type":"binary-expr","locations":[{"start":{"line":18,"column":4},"end":{"line":18,"column":null}},{"start":{"line":19,"column":4},"end":{"line":19,"column":null}}],"line":18},"4":{"loc":{"start":{"line":76,"column":14},"end":{"line":76,"column":51}},"type":"default-arg","locations":[{"start":{"line":76,"column":47},"end":{"line":76,"column":51}}],"line":76},"5":{"loc":{"start":{"line":91,"column":4},"end":{"line":94,"column":null}},"type":"if","locations":[{"start":{"line":91,"column":4},"end":{"line":94,"column":null}},{"start":{},"end":{}}],"line":91},"6":{"loc":{"start":{"line":99,"column":4},"end":{"line":105,"column":null}},"type":"if","locations":[{"start":{"line":99,"column":4},"end":{"line":105,"column":null}},{"start":{},"end":{}}],"line":99},"7":{"loc":{"start":{"line":112,"column":4},"end":{"line":112,"column":null}},"type":"if","locations":[{"start":{"line":112,"column":4},"end":{"line":112,"column":null}},{"start":{},"end":{}}],"line":112},"8":{"loc":{"start":{"line":120,"column":18},"end":{"line":120,"column":null}},"type":"binary-expr","locations":[{"start":{"line":120,"column":18},"end":{"line":120,"column":36}},{"start":{"line":120,"column":36},"end":{"line":120,"column":null}}],"line":120},"9":{"loc":{"start":{"line":121,"column":4},"end":{"line":121,"column":null}},"type":"if","locations":[{"start":{"line":121,"column":4},"end":{"line":121,"column":null}},{"start":{},"end":{}}],"line":121},"10":{"loc":{"start":{"line":122,"column":11},"end":{"line":122,"column":null}},"type":"cond-expr","locations":[{"start":{"line":122,"column":36},"end":{"line":122,"column":67}},{"start":{"line":122,"column":67},"end":{"line":122,"column":null}}],"line":122},"11":{"loc":{"start":{"line":153,"column":4},"end":{"line":153,"column":null}},"type":"if","locations":[{"start":{"line":153,"column":4},"end":{"line":153,"column":null}},{"start":{},"end":{}}],"line":153},"12":{"loc":{"start":{"line":153,"column":8},"end":{"line":153,"column":72}},"type":"binary-expr","locations":[{"start":{"line":153,"column":8},"end":{"line":153,"column":28}},{"start":{"line":153,"column":28},"end":{"line":153,"column":50}},{"start":{"line":153,"column":50},"end":{"line":153,"column":72}}],"line":153},"13":{"loc":{"start":{"line":165,"column":19},"end":{"line":165,"column":null}},"type":"binary-expr","locations":[{"start":{"line":165,"column":19},"end":{"line":165,"column":38}},{"start":{"line":165,"column":38},"end":{"line":165,"column":null}}],"line":165},"14":{"loc":{"start":{"line":195,"column":4},"end":{"line":199,"column":null}},"type":"if","locations":[{"start":{"line":195,"column":4},"end":{"line":199,"column":null}},{"start":{},"end":{}}],"line":195},"15":{"loc":{"start":{"line":203,"column":4},"end":{"line":203,"column":null}},"type":"if","locations":[{"start":{"line":203,"column":4},"end":{"line":203,"column":null}},{"start":{},"end":{}}],"line":203},"16":{"loc":{"start":{"line":246,"column":4},"end":{"line":246,"column":null}},"type":"if","locations":[{"start":{"line":246,"column":4},"end":{"line":246,"column":null}},{"start":{},"end":{}}],"line":246},"17":{"loc":{"start":{"line":263,"column":4},"end":{"line":263,"column":null}},"type":"if","locations":[{"start":{"line":263,"column":4},"end":{"line":263,"column":null}},{"start":{},"end":{}}],"line":263},"18":{"loc":{"start":{"line":266,"column":4},"end":{"line":273,"column":null}},"type":"if","locations":[{"start":{"line":266,"column":4},"end":{"line":273,"column":null}},{"start":{},"end":{}}],"line":266},"19":{"loc":{"start":{"line":267,"column":6},"end":{"line":270,"column":null}},"type":"binary-expr","locations":[{"start":{"line":267,"column":6},"end":{"line":267,"column":null}},{"start":{"line":270,"column":6},"end":{"line":270,"column":null}}],"line":267},"20":{"loc":{"start":{"line":275,"column":4},"end":{"line":279,"column":null}},"type":"if","locations":[{"start":{"line":275,"column":4},"end":{"line":279,"column":null}},{"start":{},"end":{}}],"line":275},"21":{"loc":{"start":{"line":275,"column":8},"end":{"line":275,"column":50}},"type":"binary-expr","locations":[{"start":{"line":275,"column":8},"end":{"line":275,"column":19}},{"start":{"line":275,"column":19},"end":{"line":275,"column":50}}],"line":275},"22":{"loc":{"start":{"line":283,"column":4},"end":{"line":286,"column":null}},"type":"if","locations":[{"start":{"line":283,"column":4},"end":{"line":286,"column":null}},{"start":{},"end":{}}],"line":283},"23":{"loc":{"start":{"line":305,"column":2},"end":{"line":305,"column":null}},"type":"if","locations":[{"start":{"line":305,"column":2},"end":{"line":305,"column":null}},{"start":{},"end":{}}],"line":305},"24":{"loc":{"start":{"line":308,"column":2},"end":{"line":308,"column":null}},"type":"if","locations":[{"start":{"line":308,"column":2},"end":{"line":308,"column":null}},{"start":{},"end":{}}],"line":308},"25":{"loc":{"start":{"line":310,"column":2},"end":{"line":319,"column":null}},"type":"if","locations":[{"start":{"line":310,"column":2},"end":{"line":319,"column":null}},{"start":{},"end":{}}],"line":310}},"s":{"0":75,"1":75,"2":55,"3":20,"4":0,"5":20,"6":36,"7":36,"8":36,"9":36,"10":36,"11":0,"12":0,"13":33,"14":36,"15":36,"16":0,"17":0,"18":32,"19":32,"20":32,"21":5,"22":5,"23":32,"24":32,"25":5,"26":5,"27":32,"28":4,"29":4,"30":37,"31":37,"32":29,"33":8,"34":37,"35":37,"36":37,"37":37,"38":37,"39":37,"40":4,"41":0,"42":4,"43":4,"44":33,"45":33,"46":33,"47":33,"48":33,"49":33,"50":33,"51":33,"52":33,"53":33,"54":32,"55":32,"56":32,"57":20,"58":0,"59":20,"60":12,"61":12,"62":12,"63":12,"64":12,"65":1,"66":1,"67":12,"68":6,"69":6,"70":6,"71":0,"72":6,"73":6,"74":6,"75":6,"76":1,"77":1,"78":1,"79":6,"80":13,"81":13,"82":0,"83":13,"84":13,"85":11,"86":13,"87":1,"88":1,"89":1,"90":50,"91":12,"92":12,"93":1,"94":12,"95":1,"96":11,"97":1,"98":10,"99":5,"100":1,"101":4},"f":{"0":75,"1":36,"2":36,"3":0,"4":0,"5":32,"6":32,"7":4,"8":37,"9":37,"10":4,"11":33,"12":20,"13":12,"14":1,"15":6,"16":1,"17":13,"18":50,"19":12,"20":5,"21":4},"b":{"0":[55,20],"1":[75,20],"2":[0,20],"3":[20,20],"4":[36],"5":[5,27],"6":[5,27],"7":[4,0],"8":[37,33],"9":[29,8],"10":[1,7],"11":[0,4],"12":[4,4,4],"13":[33,32],"14":[32,1],"15":[0,20],"16":[0,6],"17":[0,13],"18":[11,2],"19":[13,12],"20":[1,12],"21":[13,1],"22":[12,38],"23":[1,11],"24":[1,10],"25":[1,9]},"meta":{"lastBranch":26,"lastFunction":22,"lastStatement":102,"seen":{"f:14:9:14:63":0,"s:15:15:15:Infinity":0,"b:16:2:16:Infinity:undefined:undefined:undefined:undefined":0,"s:16:2:16:Infinity":1,"b:16:6:16:14:16:14:16:39":1,"s:16:39:16:Infinity":2,"b:17:2:22:Infinity:undefined:undefined:undefined:undefined":2,"s:17:2:22:Infinity":3,"b:18:4:18:Infinity:19:4:19:Infinity":3,"s:21:4:21:Infinity":4,"s:23:2:23:Infinity":5,"s:57:52:57:Infinity":6,"s:58:46:58:Infinity":7,"s:59:54:59:Infinity":8,"s:60:67:60:Infinity":9,"s:61:43:61:Infinity":10,"s:81:10:81:Infinity":11,"s:82:10:82:Infinity":12,"f:64:13:64:34":1,"s:65:4:65:Infinity":13,"f:76:2:76:14":2,"b:76:47:76:51":4,"s:77:4:77:Infinity":14,"s:78:4:78:Infinity":15,"f:81:10:81:37":3,"s:81:37:81:Infinity":16,"f:82:10:82:30":4,"s:82:30:82:Infinity":17,"f:84:2:84:22":5,"s:85:4:85:Infinity":18,"s:90:26:90:Infinity":19,"b:91:4:94:Infinity:undefined:undefined:undefined:undefined":5,"s:91:4:94:Infinity":20,"s:92:6:92:Infinity":21,"s:93:6:93:Infinity":22,"f:97:2:97:25":6,"s:98:26:98:Infinity":23,"b:99:4:105:Infinity:undefined:undefined:undefined:undefined":6,"s:99:4:105:Infinity":24,"s:100:6:100:Infinity":25,"s:101:6:104:Infinity":26,"s:106:4:106:Infinity":27,"f:109:2:109:29":7,"b:112:4:112:Infinity:undefined:undefined:undefined:undefined":7,"s:112:4:112:Infinity":28,"s:112:21:112:Infinity":29,"f:115:2:115:10":8,"s:120:18:120:Infinity":30,"b:120:18:120:36:120:36:120:Infinity":8,"b:121:4:121:Infinity:undefined:undefined:undefined:undefined":9,"s:121:4:121:Infinity":31,"s:121:16:121:Infinity":32,"s:122:4:122:Infinity":33,"b:122:36:122:67:122:67:122:Infinity":10,"f:125:2:125:10":9,"s:126:20:130:Infinity":34,"s:132:18:132:Infinity":35,"s:133:4:141:Infinity":36,"s:142:4:142:Infinity":37,"s:143:4:148:Infinity":38,"s:149:4:149:Infinity":39,"f:152:2:152:10":10,"b:153:4:153:Infinity:undefined:undefined:undefined:undefined":11,"s:153:4:153:Infinity":40,"b:153:8:153:28:153:28:153:50:153:50:153:72":12,"s:153:72:153:Infinity":41,"s:154:4:154:Infinity":42,"s:155:4:159:Infinity":43,"f:162:2:162:10":11,"s:165:19:165:Infinity":44,"b:165:19:165:38:165:38:165:Infinity":13,"s:168:24:168:Infinity":45,"s:169:4:178:Infinity":46,"s:179:4:179:Infinity":47,"s:182:26:182:Infinity":48,"s:183:4:183:Infinity":49,"s:184:4:184:Infinity":50,"s:187:4:187:Infinity":51,"s:188:4:192:Infinity":52,"b:195:4:199:Infinity:undefined:undefined:undefined:undefined":14,"s:195:4:199:Infinity":53,"s:196:18:196:Infinity":54,"s:197:6:197:Infinity":55,"s:198:6:198:Infinity":56,"f:202:2:202:10":12,"b:203:4:203:Infinity:undefined:undefined:undefined:undefined":15,"s:203:4:203:Infinity":57,"s:203:30:203:Infinity":58,"s:205:4:205:Infinity":59,"f:218:2:218:16":13,"s:221:4:221:Infinity":60,"s:222:4:222:Infinity":61,"s:223:4:223:Infinity":62,"s:225:12:225:Infinity":63,"s:226:4:229:Infinity":64,"f:226:22:226:40":14,"s:227:6:227:Infinity":65,"s:228:6:228:Infinity":66,"s:231:4:231:Infinity":67,"f:242:2:242:17":15,"s:243:4:243:Infinity":68,"s:245:16:245:Infinity":69,"b:246:4:246:Infinity:undefined:undefined:undefined:undefined":16,"s:246:4:246:Infinity":70,"s:246:14:246:Infinity":71,"s:248:4:248:Infinity":72,"s:249:4:249:Infinity":73,"s:250:4:250:Infinity":74,"s:252:4:256:Infinity":75,"f:252:4:252:21":16,"s:253:6:253:Infinity":76,"s:254:6:254:Infinity":77,"s:255:6:255:Infinity":78,"s:258:4:258:Infinity":79,"f:261:2:261:10":17,"s:262:16:262:Infinity":80,"b:263:4:263:Infinity:undefined:undefined:undefined:undefined":17,"s:263:4:263:Infinity":81,"s:263:14:263:Infinity":82,"s:264:4:264:Infinity":83,"b:266:4:273:Infinity:undefined:undefined:undefined:undefined":18,"s:266:4:273:Infinity":84,"b:267:6:267:Infinity:270:6:270:Infinity":19,"s:272:6:272:Infinity":85,"b:275:4:279:Infinity:undefined:undefined:undefined:undefined":20,"s:275:4:279:Infinity":86,"b:275:8:275:19:275:19:275:50":21,"s:276:23:276:Infinity":87,"s:277:6:277:Infinity":88,"s:278:6:278:Infinity":89,"f:282:2:282:10":18,"b:283:4:286:Infinity:undefined:undefined:undefined:undefined":22,"s:283:4:286:Infinity":90,"s:284:6:284:Infinity":91,"s:285:6:285:Infinity":92,"s:291:24:291:Infinity":93,"f:304:16:304:39":19,"b:305:2:305:Infinity:undefined:undefined:undefined:undefined":23,"s:305:2:305:Infinity":94,"s:305:45:305:Infinity":95,"b:308:2:308:Infinity:undefined:undefined:undefined:undefined":24,"s:308:2:308:Infinity":96,"s:308:27:308:Infinity":97,"b:310:2:319:Infinity:undefined:undefined:undefined:undefined":25,"s:310:2:319:Infinity":98,"f:314:6:314:20":20,"s:315:8:315:Infinity":99,"s:318:4:318:Infinity":100,"f:334:16:334:59":21,"s:335:2:335:Infinity":101}}}
}
